<?xml version="1.0" encoding="UTF-8"?>
<testng-results skipped="0" failed="0" total="1" passed="1">
  <reporter-output>
  </reporter-output>
  <suite name="Default suite" duration-ms="83615" started-at="2019-12-05T11:11:23Z" finished-at="2019-12-05T11:12:47Z">
    <groups>
    </groups>
    <test name="Default test" duration-ms="83615" started-at="2019-12-05T11:11:23Z" finished-at="2019-12-05T11:12:47Z">
      <class name="com.qa.hs.test.loginTest">
        <test-method status="PASS" signature="login()[pri:0, instance:com.qa.hs.test.loginTest@56f4468b]" name="login" duration-ms="83596" started-at="2019-12-05T16:41:23Z" finished-at="2019-12-05T16:42:47Z">
          <reporter-output>
          </reporter-output>
        </test-method> <!-- login -->
      </class> <!-- com.qa.hs.test.loginTest -->
    </test> <!-- Default test -->
  </suite> <!-- Default suite -->
</testng-results>
