<?xml version="1.0" encoding="UTF-8"?>
<testng-results skipped="0" failed="0" total="2" passed="2">
  <reporter-output>
  </reporter-output>
  <suite name="Default suite" duration-ms="45370" started-at="2019-12-05T17:50:34Z" finished-at="2019-12-05T17:51:19Z">
    <groups>
    </groups>
    <test name="Default test" duration-ms="45370" started-at="2019-12-05T17:50:34Z" finished-at="2019-12-05T17:51:19Z">
      <class name="com.qa.hs.test.loginTest2">
        <test-method status="PASS" signature="login()[pri:0, instance:com.qa.hs.test.loginTest2@56f4468b]" name="login" duration-ms="21105" started-at="2019-12-05T23:20:34Z" finished-at="2019-12-05T23:20:55Z">
          <reporter-output>
          </reporter-output>
        </test-method> <!-- login -->
        <test-method status="PASS" signature="signup()[pri:0, instance:com.qa.hs.test.loginTest2@56f4468b]" name="signup" duration-ms="24237" started-at="2019-12-05T23:20:55Z" finished-at="2019-12-05T23:21:19Z">
          <reporter-output>
          </reporter-output>
        </test-method> <!-- signup -->
      </class> <!-- com.qa.hs.test.loginTest2 -->
    </test> <!-- Default test -->
  </suite> <!-- Default suite -->
</testng-results>
